
**** Build of configuration Debug for project Lab4Exercise1 ****

/opt/ti/ccs1040/ccs/utils/bin/gmake -k -j 4 all -O 
 
Building file: "../main.c"
Invoking: Arm Compiler
"/opt/ti/ccs1040/ccs/tools/compiler/ti-cgt-arm_20.2.5.LTS/bin/armcl" -mv7M3 --code_state=16 -me --include_path="/home/martin/Documents/School/Winter2023/CMPT464/Labs/Lab4Exercise1" --include_path="/home/martin/Documents/School/Winter2023/CMPT464/Labs/Lab4Exercise1" --include_path="/opt/ti/tirtos_cc13xx_cc26xx_2_21_01_08/products/cc13xxware_2_04_03_17272" --include_path="/opt/ti/ccs1040/ccs/tools/compiler/ti-cgt-arm_20.2.5.LTS/include" -g --c99 --gcc --diag_warning=225 --diag_warning=255 --diag_wrap=off --display_error_number --gen_func_subsections=on--abi=eabi --preproc_with_compile --preproc_dependency="main.d_raw"  "../main.c"
subdir_rules.mk:7: recipe for target 'main.obj' failed
error #24015-D: bad argument to option --gen_func_subsections: should be one of {on,off}
gmake: *** [main.obj] Error 1
error #24015-D: bad argument to option --gen_func_subsections: should be one of {on,off}
gmake: *** [startup_ccs.obj] Error 1
error #24015-D: bad argument to option --gen_func_subsections: should be one of {on,off}
gmake: *** [uart_module.obj] Error 1
error #24015-D: bad argument to option --gen_func_subsections: should be one of {on,off}
gmake: *** [ccfg.obj] Error 1
Building file: "../startup_ccs.c"
Invoking: Arm Compiler
"/opt/ti/ccs1040/ccs/tools/compiler/ti-cgt-arm_20.2.5.LTS/bin/armcl" -mv7M3 --code_state=16 -me --include_path="/home/martin/Documents/School/Winter2023/CMPT464/Labs/Lab4Exercise1" --include_path="/home/martin/Documents/School/Winter2023/CMPT464/Labs/Lab4Exercise1" --include_path="/opt/ti/tirtos_cc13xx_cc26xx_2_21_01_08/products/cc13xxware_2_04_03_17272" --include_path="/opt/ti/ccs1040/ccs/tools/compiler/ti-cgt-arm_20.2.5.LTS/include" -g --c99 --gcc --diag_warning=225 --diag_warning=255 --diag_wrap=off --display_error_number --gen_func_subsections=on--abi=eabi --preproc_with_compile --preproc_dependency="startup_ccs.d_raw"  "../startup_ccs.c"
subdir_rules.mk:7: recipe for target 'startup_ccs.obj' failed
Building file: "../uart_module.c"
Invoking: Arm Compiler
"/opt/ti/ccs1040/ccs/tools/compiler/ti-cgt-arm_20.2.5.LTS/bin/armcl" -mv7M3 --code_state=16 -me --include_path="/home/martin/Documents/School/Winter2023/CMPT464/Labs/Lab4Exercise1" --include_path="/home/martin/Documents/School/Winter2023/CMPT464/Labs/Lab4Exercise1" --include_path="/opt/ti/tirtos_cc13xx_cc26xx_2_21_01_08/products/cc13xxware_2_04_03_17272" --include_path="/opt/ti/ccs1040/ccs/tools/compiler/ti-cgt-arm_20.2.5.LTS/include" -g --c99 --gcc --diag_warning=225 --diag_warning=255 --diag_wrap=off --display_error_number --gen_func_subsections=on--abi=eabi --preproc_with_compile --preproc_dependency="uart_module.d_raw"  "../uart_module.c"
subdir_rules.mk:7: recipe for target 'uart_module.obj' failed
error #24015-D: bad argument to option --gen_func_subsections: should be one of {on,off}
gmake: *** [timer_module.obj] Error 1
Building file: "../ccfg.c"
Invoking: Arm Compiler
"/opt/ti/ccs1040/ccs/tools/compiler/ti-cgt-arm_20.2.5.LTS/bin/armcl" -mv7M3 --code_state=16 -me --include_path="/home/martin/Documents/School/Winter2023/CMPT464/Labs/Lab4Exercise1" --include_path="/home/martin/Documents/School/Winter2023/CMPT464/Labs/Lab4Exercise1" --include_path="/opt/ti/tirtos_cc13xx_cc26xx_2_21_01_08/products/cc13xxware_2_04_03_17272" --include_path="/opt/ti/ccs1040/ccs/tools/compiler/ti-cgt-arm_20.2.5.LTS/include" -g --c99 --gcc --diag_warning=225 --diag_warning=255 --diag_wrap=off --display_error_number --gen_func_subsections=on--abi=eabi --preproc_with_compile --preproc_dependency="ccfg.d_raw"  "../ccfg.c"
subdir_rules.mk:7: recipe for target 'ccfg.obj' failed
Building file: "../timer_module.c"
Invoking: Arm Compiler
"/opt/ti/ccs1040/ccs/tools/compiler/ti-cgt-arm_20.2.5.LTS/bin/armcl" -mv7M3 --code_state=16 -me --include_path="/home/martin/Documents/School/Winter2023/CMPT464/Labs/Lab4Exercise1" --include_path="/home/martin/Documents/School/Winter2023/CMPT464/Labs/Lab4Exercise1" --include_path="/opt/ti/tirtos_cc13xx_cc26xx_2_21_01_08/products/cc13xxware_2_04_03_17272" --include_path="/opt/ti/ccs1040/ccs/tools/compiler/ti-cgt-arm_20.2.5.LTS/include" -g --c99 --gcc --diag_warning=225 --diag_warning=255 --diag_wrap=off --display_error_number --gen_func_subsections=on--abi=eabi --preproc_with_compile --preproc_dependency="timer_module.d_raw"  "../timer_module.c"
subdir_rules.mk:7: recipe for target 'timer_module.obj' failed
gmake: Target 'all' not remade because of errors.

**** Build Finished ****

**** Build of configuration Debug for project Lab4Exercise1 ****

/opt/ti/ccs1040/ccs/utils/bin/gmake -k -j 4 all -O 
 
Building file: "../startup_ccs.c"
Invoking: Arm Compiler
"/opt/ti/ccs1040/ccs/tools/compiler/ti-cgt-arm_20.2.5.LTS/bin/armcl" -mv7M3 --code_state=16 -me --include_path="/home/martin/Documents/School/Winter2023/CMPT464/Labs/Lab4Exercise1" --include_path="/home/martin/Documents/School/Winter2023/CMPT464/Labs/Lab4Exercise1" --include_path="/opt/ti/tirtos_cc13xx_cc26xx_2_21_01_08/products/cc13xxware_2_04_03_17272" --include_path="/opt/ti/ccs1040/ccs/tools/compiler/ti-cgt-arm_20.2.5.LTS/include" -g --c99 --gcc --diag_warning=225 --diag_warning=255 --diag_wrap=off --display_error_number --preproc_with_compile --preproc_dependency="startup_ccs.d_raw"  "../startup_ccs.c"
Finished building: "../startup_ccs.c"
 
Building file: "../main.c"
Invoking: Arm Compiler
"/opt/ti/ccs1040/ccs/tools/compiler/ti-cgt-arm_20.2.5.LTS/bin/armcl" -mv7M3 --code_state=16 -me --include_path="/home/martin/Documents/School/Winter2023/CMPT464/Labs/Lab4Exercise1" --include_path="/home/martin/Documents/School/Winter2023/CMPT464/Labs/Lab4Exercise1" --include_path="/opt/ti/tirtos_cc13xx_cc26xx_2_21_01_08/products/cc13xxware_2_04_03_17272" --include_path="/opt/ti/ccs1040/ccs/tools/compiler/ti-cgt-arm_20.2.5.LTS/include" -g --c99 --gcc --diag_warning=225 --diag_warning=255 --diag_wrap=off --display_error_number --preproc_with_compile --preproc_dependency="main.d_raw"  "../main.c"
Finished building: "../main.c"
 
Building file: "../ccfg.c"
Invoking: Arm Compiler
"/opt/ti/ccs1040/ccs/tools/compiler/ti-cgt-arm_20.2.5.LTS/bin/armcl" -mv7M3 --code_state=16 -me --include_path="/home/martin/Documents/School/Winter2023/CMPT464/Labs/Lab4Exercise1" --include_path="/home/martin/Documents/School/Winter2023/CMPT464/Labs/Lab4Exercise1" --include_path="/opt/ti/tirtos_cc13xx_cc26xx_2_21_01_08/products/cc13xxware_2_04_03_17272" --include_path="/opt/ti/ccs1040/ccs/tools/compiler/ti-cgt-arm_20.2.5.LTS/include" -g --c99 --gcc --diag_warning=225 --diag_warning=255 --diag_wrap=off --display_error_number --preproc_with_compile --preproc_dependency="ccfg.d_raw"  "../ccfg.c"
Finished building: "../ccfg.c"
 
Building file: "../timer_module.c"
Invoking: Arm Compiler
"/opt/ti/ccs1040/ccs/tools/compiler/ti-cgt-arm_20.2.5.LTS/bin/armcl" -mv7M3 --code_state=16 -me --include_path="/home/martin/Documents/School/Winter2023/CMPT464/Labs/Lab4Exercise1" --include_path="/home/martin/Documents/School/Winter2023/CMPT464/Labs/Lab4Exercise1" --include_path="/opt/ti/tirtos_cc13xx_cc26xx_2_21_01_08/products/cc13xxware_2_04_03_17272" --include_path="/opt/ti/ccs1040/ccs/tools/compiler/ti-cgt-arm_20.2.5.LTS/include" -g --c99 --gcc --diag_warning=225 --diag_warning=255 --diag_wrap=off --display_error_number --preproc_with_compile --preproc_dependency="timer_module.d_raw"  "../timer_module.c"
Finished building: "../timer_module.c"
 
Building file: "../uart_module.c"
Invoking: Arm Compiler
"/opt/ti/ccs1040/ccs/tools/compiler/ti-cgt-arm_20.2.5.LTS/bin/armcl" -mv7M3 --code_state=16 -me --include_path="/home/martin/Documents/School/Winter2023/CMPT464/Labs/Lab4Exercise1" --include_path="/home/martin/Documents/School/Winter2023/CMPT464/Labs/Lab4Exercise1" --include_path="/opt/ti/tirtos_cc13xx_cc26xx_2_21_01_08/products/cc13xxware_2_04_03_17272" --include_path="/opt/ti/ccs1040/ccs/tools/compiler/ti-cgt-arm_20.2.5.LTS/include" -g --c99 --gcc --diag_warning=225 --diag_warning=255 --diag_wrap=off --display_error_number --preproc_with_compile --preproc_dependency="uart_module.d_raw"  "../uart_module.c"
 
>> Compilation failure
subdir_rules.mk:7: recipe for target 'uart_module.obj' failed
"../uart_module.c", line 20: error #143: expression must have pointer-to-object type
"../uart_module.c", line 24: warning #1105-D: standard requires that parameter "baudRate" be given a type by a subsequent declaration ("int" assumed)
1 error detected in the compilation of "../uart_module.c".
gmake: *** [uart_module.obj] Error 1
gmake: Target 'all' not remade because of errors.

**** Build Finished ****

**** Build of configuration Debug for project Lab4Exercise1 ****

/opt/ti/ccs1040/ccs/utils/bin/gmake -k -j 4 all -O 
 
Building file: "../uart_module.c"
Invoking: Arm Compiler
"/opt/ti/ccs1040/ccs/tools/compiler/ti-cgt-arm_20.2.5.LTS/bin/armcl" -mv7M3 --code_state=16 -me --include_path="/home/martin/Documents/School/Winter2023/CMPT464/Labs/Lab4Exercise1" --include_path="/home/martin/Documents/School/Winter2023/CMPT464/Labs/Lab4Exercise1" --include_path="/opt/ti/tirtos_cc13xx_cc26xx_2_21_01_08/products/cc13xxware_2_04_03_17272" --include_path="/opt/ti/ccs1040/ccs/tools/compiler/ti-cgt-arm_20.2.5.LTS/include" -g --c99 --gcc --diag_warning=225 --diag_warning=255 --diag_wrap=off --display_error_number --preproc_with_compile --preproc_dependency="uart_module.d_raw"  "../uart_module.c"
Finished building: "../uart_module.c"
 
Building target: "Lab4Exercise1.out"
Invoking: Arm Linker
"/opt/ti/ccs1040/ccs/tools/compiler/ti-cgt-arm_20.2.5.LTS/bin/armcl" -mv7M3 --code_state=16 -me -g --c99 --gcc --diag_warning=225 --diag_warning=255 --diag_wrap=off --display_error_number -z -m"Lab4Exercise1.map" --heap_size=0 --stack_size=256 -i"/opt/ti/ccs1040/ccs/tools/compiler/ti-cgt-arm_20.2.5.LTS/lib" -i"/opt/ti/ccs1040/ccs/tools/compiler/ti-cgt-arm_20.2.5.LTS/include" --reread_libs --diag_suppress=16002-D --diag_suppress=10247-D --diag_suppress=10325-D --diag_suppress=10229-D --diag_wrap=off --display_error_number --warn_sections --xml_link_info="Lab4Exercise1_linkInfo.xml" --rom_model -o "Lab4Exercise1.out" "./ccfg.obj" "./main.obj" "./startup_ccs.obj" "./timer_module.obj" "./uart_module.obj" "../cc13x0f128.cmd"  -l"/opt/ti/tirtos_cc13xx_cc26xx_2_21_01_08/products/cc13xxware_2_04_03_17272/driverlib/bin/ccs/driverlib.lib" -llibc.a 
<Linking>
"../uart_module.c", line 24: warning #1105-D: standard requires that parameter "baudRate" be given a type by a subsequent declaration ("int" assumed)
Finished building target: "Lab4Exercise1.out"
 

**** Build Finished ****

**** Build of configuration Debug for project Lab4Exercise1 ****

/opt/ti/ccs1040/ccs/utils/bin/gmake -k -j 4 all -O 
 
Building file: "../uart_module.c"
Invoking: Arm Compiler
"/opt/ti/ccs1040/ccs/tools/compiler/ti-cgt-arm_20.2.5.LTS/bin/armcl" -mv7M3 --code_state=16 -me --include_path="/home/martin/Documents/School/Winter2023/CMPT464/Labs/Lab4Exercise1" --include_path="/home/martin/Documents/School/Winter2023/CMPT464/Labs/Lab4Exercise1" --include_path="/opt/ti/tirtos_cc13xx_cc26xx_2_21_01_08/products/cc13xxware_2_04_03_17272" --include_path="/opt/ti/ccs1040/ccs/tools/compiler/ti-cgt-arm_20.2.5.LTS/include" -g --c99 --gcc --diag_warning=225 --diag_warning=255 --diag_wrap=off --display_error_number --preproc_with_compile --preproc_dependency="uart_module.d_raw"  "../uart_module.c"
Finished building: "../uart_module.c"
 
Building target: "Lab4Exercise1.out"
Invoking: Arm Linker
"/opt/ti/ccs1040/ccs/tools/compiler/ti-cgt-arm_20.2.5.LTS/bin/armcl" -mv7M3 --code_state=16 -me -g --c99 --gcc --diag_warning=225 --diag_warning=255 --diag_wrap=off --display_error_number -z -m"Lab4Exercise1.map" --heap_size=0 --stack_size=256 -i"/opt/ti/ccs1040/ccs/tools/compiler/ti-cgt-arm_20.2.5.LTS/lib" -i"/opt/ti/ccs1040/ccs/tools/compiler/ti-cgt-arm_20.2.5.LTS/include" --reread_libs --diag_suppress=16002-D --diag_suppress=10247-D --diag_suppress=10325-D --diag_suppress=10229-D --diag_wrap=off --display_error_number --warn_sections --xml_link_info="Lab4Exercise1_linkInfo.xml" --rom_model -o "Lab4Exercise1.out" "./ccfg.obj" "./main.obj" "./startup_ccs.obj" "./timer_module.obj" "./uart_module.obj" "../cc13x0f128.cmd"  -l"/opt/ti/tirtos_cc13xx_cc26xx_2_21_01_08/products/cc13xxware_2_04_03_17272/driverlib/bin/ccs/driverlib.lib" -llibc.a 
<Linking>
Finished building target: "Lab4Exercise1.out"
 

**** Build Finished ****

**** Build of configuration Debug for project Lab4Exercise1 ****

/opt/ti/ccs1040/ccs/utils/bin/gmake -k -j 4 all -O 
 
gmake[1]: 'Lab4Exercise1.out' is up to date.

**** Build Finished ****

**** Build of configuration Debug for project Lab4Exercise1 ****

/opt/ti/ccs1040/ccs/utils/bin/gmake -k -j 4 all -O 
 
Building file: "../main.c"
Invoking: Arm Compiler
"/opt/ti/ccs1040/ccs/tools/compiler/ti-cgt-arm_20.2.5.LTS/bin/armcl" -mv7M3 --code_state=16 -me --include_path="/home/martin/Documents/School/Winter2023/CMPT464/Labs/Lab4Exercise1" --include_path="/home/martin/Documents/School/Winter2023/CMPT464/Labs/Lab4Exercise1" --include_path="/opt/ti/tirtos_cc13xx_cc26xx_2_21_01_08/products/cc13xxware_2_04_03_17272" --include_path="/opt/ti/ccs1040/ccs/tools/compiler/ti-cgt-arm_20.2.5.LTS/include" -g --c99 --gcc --diag_warning=225 --diag_warning=255 --diag_wrap=off --display_error_number --preproc_with_compile --preproc_dependency="main.d_raw"  "../main.c"
Finished building: "../main.c"
 
Building target: "Lab4Exercise1.out"
Invoking: Arm Linker
"/opt/ti/ccs1040/ccs/tools/compiler/ti-cgt-arm_20.2.5.LTS/bin/armcl" -mv7M3 --code_state=16 -me -g --c99 --gcc --diag_warning=225 --diag_warning=255 --diag_wrap=off --display_error_number -z -m"Lab4Exercise1.map" --heap_size=0 --stack_size=256 -i"/opt/ti/ccs1040/ccs/tools/compiler/ti-cgt-arm_20.2.5.LTS/lib" -i"/opt/ti/ccs1040/ccs/tools/compiler/ti-cgt-arm_20.2.5.LTS/include" --reread_libs --diag_suppress=16002-D --diag_suppress=10247-D --diag_suppress=10325-D --diag_suppress=10229-D --diag_wrap=off --display_error_number --warn_sections --xml_link_info="Lab4Exercise1_linkInfo.xml" --rom_model -o "Lab4Exercise1.out" "./ccfg.obj" "./main.obj" "./startup_ccs.obj" "./timer_module.obj" "./uart_module.obj" "../cc13x0f128.cmd"  -l"/opt/ti/tirtos_cc13xx_cc26xx_2_21_01_08/products/cc13xxware_2_04_03_17272/driverlib/bin/ccs/driverlib.lib" -llibc.a 
<Linking>
Finished building target: "Lab4Exercise1.out"
 

**** Build Finished ****

**** Build of configuration Debug for project Lab4Exercise1 ****

/opt/ti/ccs1040/ccs/utils/bin/gmake -k -j 4 all -O 
 
gmake[1]: 'Lab4Exercise1.out' is up to date.

**** Build Finished ****

**** Build of configuration Debug for project Lab4Exercise1 ****

/opt/ti/ccs1040/ccs/utils/bin/gmake -k -j 4 all -O 
 
gmake[1]: 'Lab4Exercise1.out' is up to date.

**** Build Finished ****

**** Build of configuration Debug for project Lab4Exercise1 ****

/opt/ti/ccs1040/ccs/utils/bin/gmake -k -j 4 all -O 
 
Building file: "../uart_module.c"
Invoking: Arm Compiler
"/opt/ti/ccs1040/ccs/tools/compiler/ti-cgt-arm_20.2.5.LTS/bin/armcl" -mv7M3 --code_state=16 -me --include_path="/home/martin/Documents/School/Winter2023/CMPT464/Labs/Lab4Exercise1" --include_path="/home/martin/Documents/School/Winter2023/CMPT464/Labs/Lab4Exercise1" --include_path="/opt/ti/tirtos_cc13xx_cc26xx_2_21_01_08/products/cc13xxware_2_04_03_17272" --include_path="/opt/ti/ccs1040/ccs/tools/compiler/ti-cgt-arm_20.2.5.LTS/include" -g --c99 --gcc --diag_warning=225 --diag_warning=255 --diag_wrap=off --display_error_number --preproc_with_compile --preproc_dependency="uart_module.d_raw"  "../uart_module.c"
Finished building: "../uart_module.c"
 
Building target: "Lab4Exercise1.out"
Invoking: Arm Linker
"/opt/ti/ccs1040/ccs/tools/compiler/ti-cgt-arm_20.2.5.LTS/bin/armcl" -mv7M3 --code_state=16 -me -g --c99 --gcc --diag_warning=225 --diag_warning=255 --diag_wrap=off --display_error_number -z -m"Lab4Exercise1.map" --heap_size=0 --stack_size=256 -i"/opt/ti/ccs1040/ccs/tools/compiler/ti-cgt-arm_20.2.5.LTS/lib" -i"/opt/ti/ccs1040/ccs/tools/compiler/ti-cgt-arm_20.2.5.LTS/include" --reread_libs --diag_suppress=16002-D --diag_suppress=10247-D --diag_suppress=10325-D --diag_suppress=10229-D --diag_wrap=off --display_error_number --warn_sections --xml_link_info="Lab4Exercise1_linkInfo.xml" --rom_model -o "Lab4Exercise1.out" "./ccfg.obj" "./main.obj" "./startup_ccs.obj" "./timer_module.obj" "./uart_module.obj" "../cc13x0f128.cmd"  -l"/opt/ti/tirtos_cc13xx_cc26xx_2_21_01_08/products/cc13xxware_2_04_03_17272/driverlib/bin/ccs/driverlib.lib" -llibc.a 
<Linking>
Finished building target: "Lab4Exercise1.out"
 

**** Build Finished ****

**** Clean-only build of configuration Debug for project Lab4Exercise2 ****

/opt/ti/ccs1040/ccs/utils/bin/gmake -k -j 4 clean -O 
 
gmake: *** No rule to make target 'clean'.

**** Build Finished ****

**** Build of configuration Debug for project Lab4Exercise2 ****

/opt/ti/ccs1040/ccs/utils/bin/gmake -k -j 4 all -O 
 
Building file: "../ccfg.c"
Invoking: Arm Compiler
"/opt/ti/ccs1040/ccs/tools/compiler/ti-cgt-arm_20.2.5.LTS/bin/armcl" -mv7M3 --code_state=16 -me --include_path="/home/martin/Documents/School/Winter2023/CMPT464/Labs/Lab4Exercise2" --include_path="/home/martin/Documents/School/Winter2023/CMPT464/Labs/Lab4Exercise2" --include_path="/opt/ti/tirtos_cc13xx_cc26xx_2_21_01_08/products/cc13xxware_2_04_03_17272" --include_path="/opt/ti/ccs1040/ccs/tools/compiler/ti-cgt-arm_20.2.5.LTS/include" -g --c99 --gcc --diag_warning=225 --diag_warning=255 --diag_wrap=off --display_error_number --gen_func_subsections=on--abi=eabi --preproc_with_compile --preproc_dependency="ccfg.d_raw"  "../ccfg.c"
subdir_rules.mk:7: recipe for target 'ccfg.obj' failed
error #24015-D: bad argument to option --gen_func_subsections: should be one of {on,off}
gmake: *** [ccfg.obj] Error 1
error #24015-D: bad argument to option --gen_func_subsections: should be one of {on,off}
gmake: *** [main.obj] Error 1
error #24015-D: bad argument to option --gen_func_subsections: should be one of {on,off}
gmake: *** [startup_ccs.obj] Error 1
Building file: "../main.c"
Invoking: Arm Compiler
"/opt/ti/ccs1040/ccs/tools/compiler/ti-cgt-arm_20.2.5.LTS/bin/armcl" -mv7M3 --code_state=16 -me --include_path="/home/martin/Documents/School/Winter2023/CMPT464/Labs/Lab4Exercise2" --include_path="/home/martin/Documents/School/Winter2023/CMPT464/Labs/Lab4Exercise2" --include_path="/opt/ti/tirtos_cc13xx_cc26xx_2_21_01_08/products/cc13xxware_2_04_03_17272" --include_path="/opt/ti/ccs1040/ccs/tools/compiler/ti-cgt-arm_20.2.5.LTS/include" -g --c99 --gcc --diag_warning=225 --diag_warning=255 --diag_wrap=off --display_error_number --gen_func_subsections=on--abi=eabi --preproc_with_compile --preproc_dependency="main.d_raw"  "../main.c"
subdir_rules.mk:7: recipe for target 'main.obj' failed
Building file: "../startup_ccs.c"
Invoking: Arm Compiler
"/opt/ti/ccs1040/ccs/tools/compiler/ti-cgt-arm_20.2.5.LTS/bin/armcl" -mv7M3 --code_state=16 -me --include_path="/home/martin/Documents/School/Winter2023/CMPT464/Labs/Lab4Exercise2" --include_path="/home/martin/Documents/School/Winter2023/CMPT464/Labs/Lab4Exercise2" --include_path="/opt/ti/tirtos_cc13xx_cc26xx_2_21_01_08/products/cc13xxware_2_04_03_17272" --include_path="/opt/ti/ccs1040/ccs/tools/compiler/ti-cgt-arm_20.2.5.LTS/include" -g --c99 --gcc --diag_warning=225 --diag_warning=255 --diag_wrap=off --display_error_number --gen_func_subsections=on--abi=eabi --preproc_with_compile --preproc_dependency="startup_ccs.d_raw"  "../startup_ccs.c"
subdir_rules.mk:7: recipe for target 'startup_ccs.obj' failed
gmake: Target 'all' not remade because of errors.

**** Build Finished ****

**** Build of configuration Debug for project Lab4Exercise2 ****

/opt/ti/ccs1040/ccs/utils/bin/gmake -k -j 4 all -O 
 
Building file: "../ccfg.c"
Invoking: Arm Compiler
"/opt/ti/ccs1040/ccs/tools/compiler/ti-cgt-arm_20.2.5.LTS/bin/armcl" -mv7M3 --code_state=16 -me --include_path="/home/martin/Documents/School/Winter2023/CMPT464/Labs/Lab4Exercise2" --include_path="/home/martin/Documents/School/Winter2023/CMPT464/Labs/Lab4Exercise2" --include_path="/opt/ti/tirtos_cc13xx_cc26xx_2_21_01_08/products/cc13xxware_2_04_03_17272" --include_path="/opt/ti/ccs1040/ccs/tools/compiler/ti-cgt-arm_20.2.5.LTS/include" -g --c99 --gcc --diag_warning=225 --diag_warning=255 --diag_wrap=off --display_error_number --gen_func_subsections=on--abi=eabi --preproc_with_compile --preproc_dependency="ccfg.d_raw"  "../ccfg.c"
subdir_rules.mk:7: recipe for target 'ccfg.obj' failed
error #24015-D: bad argument to option --gen_func_subsections: should be one of {on,off}
gmake: *** [ccfg.obj] Error 1
error #24015-D: bad argument to option --gen_func_subsections: should be one of {on,off}
gmake: *** [main.obj] Error 1
Building file: "../main.c"
Invoking: Arm Compiler
"/opt/ti/ccs1040/ccs/tools/compiler/ti-cgt-arm_20.2.5.LTS/bin/armcl" -mv7M3 --code_state=16 -me --include_path="/home/martin/Documents/School/Winter2023/CMPT464/Labs/Lab4Exercise2" --include_path="/home/martin/Documents/School/Winter2023/CMPT464/Labs/Lab4Exercise2" --include_path="/opt/ti/tirtos_cc13xx_cc26xx_2_21_01_08/products/cc13xxware_2_04_03_17272" --include_path="/opt/ti/ccs1040/ccs/tools/compiler/ti-cgt-arm_20.2.5.LTS/include" -g --c99 --gcc --diag_warning=225 --diag_warning=255 --diag_wrap=off --display_error_number --gen_func_subsections=on--abi=eabi --preproc_with_compile --preproc_dependency="main.d_raw"  "../main.c"
subdir_rules.mk:7: recipe for target 'main.obj' failed
Building file: "../startup_ccs.c"
Invoking: Arm Compiler
"/opt/ti/ccs1040/ccs/tools/compiler/ti-cgt-arm_20.2.5.LTS/bin/armcl" -mv7M3 --code_state=16 -me --include_path="/home/martin/Documents/School/Winter2023/CMPT464/Labs/Lab4Exercise2" --include_path="/home/martin/Documents/School/Winter2023/CMPT464/Labs/Lab4Exercise2" --include_path="/opt/ti/tirtos_cc13xx_cc26xx_2_21_01_08/products/cc13xxware_2_04_03_17272" --include_path="/opt/ti/ccs1040/ccs/tools/compiler/ti-cgt-arm_20.2.5.LTS/include" -g --c99 --gcc --diag_warning=225 --diag_warning=255 --diag_wrap=off --display_error_number --gen_func_subsections=on--abi=eabi --preproc_with_compile --preproc_dependency="startup_ccs.d_raw"  "../startup_ccs.c"
subdir_rules.mk:7: recipe for target 'startup_ccs.obj' failed
error #24015-D: bad argument to option --gen_func_subsections: should be one of {on,off}
gmake: *** [startup_ccs.obj] Error 1
gmake: Target 'all' not remade because of errors.

**** Build Finished ****

**** Build of configuration Debug for project Lab4Exercise2 ****

/opt/ti/ccs1040/ccs/utils/bin/gmake -k -j 4 all -O 
 
Building file: "../ccfg.c"
Invoking: Arm Compiler
"/opt/ti/ccs1040/ccs/tools/compiler/ti-cgt-arm_20.2.5.LTS/bin/armcl" -mv7M3 --code_state=16 -me --include_path="/home/martin/Documents/School/Winter2023/CMPT464/Labs/Lab4Exercise2" --include_path="/home/martin/Documents/School/Winter2023/CMPT464/Labs/Lab4Exercise2" --include_path="/opt/ti/tirtos_cc13xx_cc26xx_2_21_01_08/products/cc13xxware_2_04_03_17272" --include_path="/opt/ti/ccs1040/ccs/tools/compiler/ti-cgt-arm_20.2.5.LTS/include" -g --c99 --gcc --diag_warning=225 --diag_warning=255 --diag_wrap=off --display_error_number --preproc_with_compile --preproc_dependency="ccfg.d_raw"  "../ccfg.c"
Finished building: "../ccfg.c"
 
Building file: "../main.c"
Invoking: Arm Compiler
"/opt/ti/ccs1040/ccs/tools/compiler/ti-cgt-arm_20.2.5.LTS/bin/armcl" -mv7M3 --code_state=16 -me --include_path="/home/martin/Documents/School/Winter2023/CMPT464/Labs/Lab4Exercise2" --include_path="/home/martin/Documents/School/Winter2023/CMPT464/Labs/Lab4Exercise2" --include_path="/opt/ti/tirtos_cc13xx_cc26xx_2_21_01_08/products/cc13xxware_2_04_03_17272" --include_path="/opt/ti/ccs1040/ccs/tools/compiler/ti-cgt-arm_20.2.5.LTS/include" -g --c99 --gcc --diag_warning=225 --diag_warning=255 --diag_wrap=off --display_error_number --preproc_with_compile --preproc_dependency="main.d_raw"  "../main.c"
Finished building: "../main.c"
 
Building file: "../startup_ccs.c"
Invoking: Arm Compiler
"/opt/ti/ccs1040/ccs/tools/compiler/ti-cgt-arm_20.2.5.LTS/bin/armcl" -mv7M3 --code_state=16 -me --include_path="/home/martin/Documents/School/Winter2023/CMPT464/Labs/Lab4Exercise2" --include_path="/home/martin/Documents/School/Winter2023/CMPT464/Labs/Lab4Exercise2" --include_path="/opt/ti/tirtos_cc13xx_cc26xx_2_21_01_08/products/cc13xxware_2_04_03_17272" --include_path="/opt/ti/ccs1040/ccs/tools/compiler/ti-cgt-arm_20.2.5.LTS/include" -g --c99 --gcc --diag_warning=225 --diag_warning=255 --diag_wrap=off --display_error_number --preproc_with_compile --preproc_dependency="startup_ccs.d_raw"  "../startup_ccs.c"
Finished building: "../startup_ccs.c"
 
Building target: "Lab4Exercise2.out"
Invoking: Arm Linker
"/opt/ti/ccs1040/ccs/tools/compiler/ti-cgt-arm_20.2.5.LTS/bin/armcl" -mv7M3 --code_state=16 -me -g --c99 --gcc --diag_warning=225 --diag_warning=255 --diag_wrap=off --display_error_number -z --heap_size=0 --stack_size=256 -i"/opt/ti/ccs1040/ccs/tools/compiler/ti-cgt-arm_20.2.5.LTS/lib" -i"/opt/ti/ccs1040/ccs/tools/compiler/ti-cgt-arm_20.2.5.LTS/include" --reread_libs --diag_suppress=16002-D --diag_suppress=10247-D --diag_suppress=10325-D --diag_suppress=10229-D --diag_wrap=off --display_error_number --warn_sections --xml_link_info="Lab4Exercise2_linkInfo.xml" --rom_model m"Lab4Exercise2.map" -o "Lab4Exercise2.out" "./ccfg.obj" "./main.obj" "./startup_ccs.obj" "../cc13x0f128.cmd"  -l"/opt/ti/tirtos_cc13xx_cc26xx_2_21_01_08/products/cc13xxware_2_04_03_17272/driverlib/bin/ccs/driverlib.lib" -llibc.a 
<Linking>
error #10008-D: cannot find file "mLab4Exercise2.map"
error #10010: errors encountered during linking; "Lab4Exercise2.out" not built
 
>> Compilation failure
makefile:142: recipe for target 'Lab4Exercise2.out' failed
makefile:138: recipe for target 'all' failed
gmake[1]: *** [Lab4Exercise2.out] Error 1
gmake: *** [all] Error 2

**** Build Finished ****

**** Build of configuration Debug for project Lab4Exercise2 ****

/opt/ti/ccs1040/ccs/utils/bin/gmake -k -j 4 all -O 
 
Building target: "Lab4Exercise2.out"
Invoking: Arm Linker
"/opt/ti/ccs1040/ccs/tools/compiler/ti-cgt-arm_20.2.5.LTS/bin/armcl" -mv7M3 --code_state=16 -me -g --c99 --gcc --diag_warning=225 --diag_warning=255 --diag_wrap=off --display_error_number -z --heap_size=0 --stack_size=256 -i"/opt/ti/ccs1040/ccs/tools/compiler/ti-cgt-arm_20.2.5.LTS/lib" -i"/opt/ti/ccs1040/ccs/tools/compiler/ti-cgt-arm_20.2.5.LTS/include" --reread_libs --diag_suppress=16002-D --diag_suppress=10247-D --diag_suppress=10325-D --diag_suppress=10229-D --diag_wrap=off --display_error_number --warn_sections --xml_link_info="Lab4Exercise2_linkInfo.xml" --rom_model m"Lab4Exercise2.map" -o "Lab4Exercise2.out" "./ccfg.obj" "./main.obj" "./startup_ccs.obj" "../cc13x0f128.cmd"  -l"/opt/ti/tirtos_cc13xx_cc26xx_2_21_01_08/products/cc13xxware_2_04_03_17272/driverlib/bin/ccs/driverlib.lib" -llibc.a 
<Linking>
error #10008-D: cannot find file "mLab4Exercise2.map"
error #10010: errors encountered during linking; "Lab4Exercise2.out" not built
 
>> Compilation failure
makefile:142: recipe for target 'Lab4Exercise2.out' failed
gmake[1]: *** [Lab4Exercise2.out] Error 1
gmake: *** [all] Error 2
makefile:138: recipe for target 'all' failed

**** Build Finished ****

**** Build of configuration Debug for project Lab4Exercise2 ****

/opt/ti/ccs1040/ccs/utils/bin/gmake -k -j 4 all -O 
 
Building target: "Lab4Exercise2.out"
Invoking: Arm Linker
"/opt/ti/ccs1040/ccs/tools/compiler/ti-cgt-arm_20.2.5.LTS/bin/armcl" -mv7M3 --code_state=16 -me -g --c99 --gcc --diag_warning=225 --diag_warning=255 --diag_wrap=off --display_error_number -z --heap_size=0 --stack_size=256 -i"/opt/ti/ccs1040/ccs/tools/compiler/ti-cgt-arm_20.2.5.LTS/lib" -i"/opt/ti/ccs1040/ccs/tools/compiler/ti-cgt-arm_20.2.5.LTS/include" --reread_libs --diag_suppress=16002-D --diag_suppress=10247-D --diag_suppress=10325-D --diag_suppress=10229-D --diag_wrap=off --display_error_number --warn_sections --xml_link_info="Lab4Exercise2_linkInfo.xml" --rom_model m"Lab4Exercise2.map" -o "Lab4Exercise2.out" "./ccfg.obj" "./main.obj" "./startup_ccs.obj" "../cc13x0f128.cmd"  -l"/opt/ti/tirtos_cc13xx_cc26xx_2_21_01_08/products/cc13xxware_2_04_03_17272/driverlib/bin/ccs/driverlib.lib" -llibc.a 
<Linking>
error #10008-D: cannot find file "mLab4Exercise2.map"
error #10010: errors encountered during linking; "Lab4Exercise2.out" not built
 
>> Compilation failure
makefile:142: recipe for target 'Lab4Exercise2.out' failed
gmake[1]: *** [Lab4Exercise2.out] Error 1
gmake: *** [all] Error 2
makefile:138: recipe for target 'all' failed

**** Build Finished ****

**** Build of configuration Debug for project Lab4Exercise2 ****

/opt/ti/ccs1040/ccs/utils/bin/gmake -k -j 4 all -O 
 
Building file: "../ccfg.c"
Invoking: Arm Compiler
"/opt/ti/ccs1040/ccs/tools/compiler/ti-cgt-arm_20.2.5.LTS/bin/armcl" -mv7M3 --code_state=16 -me --include_path="/home/martin/Documents/School/Winter2023/CMPT464/Labs/Lab4Exercise2" --include_path="/home/martin/Documents/School/Winter2023/CMPT464/Labs/Lab4Exercise2" --include_path="/opt/ti/tirtos_cc13xx_cc26xx_2_21_01_08/products/cc13xxware_2_04_03_17272" --include_path="/opt/ti/ccs1040/ccs/tools/compiler/ti-cgt-arm_20.2.5.LTS/include" -g --c99 --gcc --diag_warning=225 --diag_warning=255 --diag_wrap=off --display_error_number --gen_func_subsections=on--abi=eabi --preproc_with_compile --preproc_dependency="ccfg.d_raw"  "../ccfg.c"
subdir_rules.mk:7: recipe for target 'ccfg.obj' failed
error #24015-D: bad argument to option --gen_func_subsections: should be one of {on,off}
gmake: *** [ccfg.obj] Error 1
Building file: "../main.c"
Invoking: Arm Compiler
"/opt/ti/ccs1040/ccs/tools/compiler/ti-cgt-arm_20.2.5.LTS/bin/armcl" -mv7M3 --code_state=16 -me --include_path="/home/martin/Documents/School/Winter2023/CMPT464/Labs/Lab4Exercise2" --include_path="/home/martin/Documents/School/Winter2023/CMPT464/Labs/Lab4Exercise2" --include_path="/opt/ti/tirtos_cc13xx_cc26xx_2_21_01_08/products/cc13xxware_2_04_03_17272" --include_path="/opt/ti/ccs1040/ccs/tools/compiler/ti-cgt-arm_20.2.5.LTS/include" -g --c99 --gcc --diag_warning=225 --diag_warning=255 --diag_wrap=off --display_error_number --gen_func_subsections=on--abi=eabi --preproc_with_compile --preproc_dependency="main.d_raw"  "../main.c"
subdir_rules.mk:7: recipe for target 'main.obj' failed
Building file: "../startup_ccs.c"
Invoking: Arm Compiler
"/opt/ti/ccs1040/ccs/tools/compiler/ti-cgt-arm_20.2.5.LTS/bin/armcl" -mv7M3 --code_state=16 -me --include_path="/home/martin/Documents/School/Winter2023/CMPT464/Labs/Lab4Exercise2" --include_path="/home/martin/Documents/School/Winter2023/CMPT464/Labs/Lab4Exercise2" --include_path="/opt/ti/tirtos_cc13xx_cc26xx_2_21_01_08/products/cc13xxware_2_04_03_17272" --include_path="/opt/ti/ccs1040/ccs/tools/compiler/ti-cgt-arm_20.2.5.LTS/include" -g --c99 --gcc --diag_warning=225 --diag_warning=255 --diag_wrap=off --display_error_number --gen_func_subsections=on--abi=eabi --preproc_with_compile --preproc_dependency="startup_ccs.d_raw"  "../startup_ccs.c"
subdir_rules.mk:7: recipe for target 'startup_ccs.obj' failed
error #24015-D: bad argument to option --gen_func_subsections: should be one of {on,off}
gmake: *** [main.obj] Error 1
error #24015-D: bad argument to option --gen_func_subsections: should be one of {on,off}
gmake: *** [startup_ccs.obj] Error 1
gmake: Target 'all' not remade because of errors.

**** Build Finished ****

**** Build of configuration Debug for project Lab4Exercise2 ****

/opt/ti/ccs1040/ccs/utils/bin/gmake -k -j 4 all -O 
 
Building file: "../ccfg.c"
Invoking: Arm Compiler
"/opt/ti/ccs1040/ccs/tools/compiler/ti-cgt-arm_20.2.5.LTS/bin/armcl" -mv7M3 --code_state=16 -me --include_path="/home/martin/Documents/School/Winter2023/CMPT464/Labs/Lab4Exercise2" --include_path="/home/martin/Documents/School/Winter2023/CMPT464/Labs/Lab4Exercise2" --include_path="/opt/ti/tirtos_cc13xx_cc26xx_2_21_01_08/products/cc13xxware_2_04_03_17272" --include_path="/opt/ti/ccs1040/ccs/tools/compiler/ti-cgt-arm_20.2.5.LTS/include" -g --c99 --gcc --diag_warning=225 --diag_warning=255 --diag_wrap=off --display_error_number --preproc_with_compile --preproc_dependency="ccfg.d_raw"  "../ccfg.c"
Finished building: "../ccfg.c"
 
Building file: "../main.c"
Invoking: Arm Compiler
"/opt/ti/ccs1040/ccs/tools/compiler/ti-cgt-arm_20.2.5.LTS/bin/armcl" -mv7M3 --code_state=16 -me --include_path="/home/martin/Documents/School/Winter2023/CMPT464/Labs/Lab4Exercise2" --include_path="/home/martin/Documents/School/Winter2023/CMPT464/Labs/Lab4Exercise2" --include_path="/opt/ti/tirtos_cc13xx_cc26xx_2_21_01_08/products/cc13xxware_2_04_03_17272" --include_path="/opt/ti/ccs1040/ccs/tools/compiler/ti-cgt-arm_20.2.5.LTS/include" -g --c99 --gcc --diag_warning=225 --diag_warning=255 --diag_wrap=off --display_error_number --preproc_with_compile --preproc_dependency="main.d_raw"  "../main.c"
Finished building: "../main.c"
 
Building file: "../startup_ccs.c"
Invoking: Arm Compiler
"/opt/ti/ccs1040/ccs/tools/compiler/ti-cgt-arm_20.2.5.LTS/bin/armcl" -mv7M3 --code_state=16 -me --include_path="/home/martin/Documents/School/Winter2023/CMPT464/Labs/Lab4Exercise2" --include_path="/home/martin/Documents/School/Winter2023/CMPT464/Labs/Lab4Exercise2" --include_path="/opt/ti/tirtos_cc13xx_cc26xx_2_21_01_08/products/cc13xxware_2_04_03_17272" --include_path="/opt/ti/ccs1040/ccs/tools/compiler/ti-cgt-arm_20.2.5.LTS/include" -g --c99 --gcc --diag_warning=225 --diag_warning=255 --diag_wrap=off --display_error_number --preproc_with_compile --preproc_dependency="startup_ccs.d_raw"  "../startup_ccs.c"
Finished building: "../startup_ccs.c"
 
Building target: "Lab4Exercise2.out"
Invoking: Arm Linker
"/opt/ti/ccs1040/ccs/tools/compiler/ti-cgt-arm_20.2.5.LTS/bin/armcl" -mv7M3 --code_state=16 -me -g --c99 --gcc --diag_warning=225 --diag_warning=255 --diag_wrap=off --display_error_number -z -m"Lab4Exercise2.map" --heap_size=0 --stack_size=256 -i"/opt/ti/ccs1040/ccs/tools/compiler/ti-cgt-arm_20.2.5.LTS/lib" -i"/opt/ti/ccs1040/ccs/tools/compiler/ti-cgt-arm_20.2.5.LTS/include" --reread_libs --diag_suppress=16002-D --diag_suppress=10247-D --diag_suppress=10325-D --diag_suppress=10229-D --diag_wrap=off --display_error_number --warn_sections --xml_link_info="Lab4Exercise2_linkInfo.xml" --rom_model -o "Lab4Exercise2.out" "./ccfg.obj" "./main.obj" "./startup_ccs.obj" "../cc13x0f128.cmd"  -llibc.a -l"/opt/ti/tirtos_cc13xx_cc26xx_2_21_01_08/products/cc13xxware_2_04_03_17272/driverlib/bin/ccs/driverlib.lib" 
<Linking>
Finished building target: "Lab4Exercise2.out"
 

**** Build Finished ****
